{"total": {"lines":{"total":169,"covered":83,"skipped":0,"pct":49.11},"statements":{"total":203,"covered":107,"skipped":0,"pct":52.7},"functions":{"total":42,"covered":26,"skipped":0,"pct":61.9},"branches":{"total":56,"covered":13,"skipped":0,"pct":23.21},"branchesTrue":{"total":0,"covered":0,"skipped":0,"pct":100}}
,"/Users/danielabarca/Documents/Desarrollo/dav-smpc-libros-api/src/audit/audit.service.ts": {"lines":{"total":13,"covered":0,"skipped":0,"pct":0},"functions":{"total":2,"covered":0,"skipped":0,"pct":0},"statements":{"total":15,"covered":0,"skipped":0,"pct":0},"branches":{"total":4,"covered":0,"skipped":0,"pct":0}}
,"/Users/danielabarca/Documents/Desarrollo/dav-smpc-libros-api/src/auth/auth.controller.ts": {"lines":{"total":9,"covered":9,"skipped":0,"pct":100},"functions":{"total":2,"covered":2,"skipped":0,"pct":100},"statements":{"total":11,"covered":11,"skipped":0,"pct":100},"branches":{"total":0,"covered":0,"skipped":0,"pct":100}}
,"/Users/danielabarca/Documents/Desarrollo/dav-smpc-libros-api/src/auth/auth.service.ts": {"lines":{"total":11,"covered":11,"skipped":0,"pct":100},"functions":{"total":3,"covered":3,"skipped":0,"pct":100},"statements":{"total":14,"covered":14,"skipped":0,"pct":100},"branches":{"total":3,"covered":3,"skipped":0,"pct":100}}
,"/Users/danielabarca/Documents/Desarrollo/dav-smpc-libros-api/src/books/books.controller.ts": {"lines":{"total":22,"covered":22,"skipped":0,"pct":100},"functions":{"total":9,"covered":9,"skipped":0,"pct":100},"statements":{"total":30,"covered":30,"skipped":0,"pct":100},"branches":{"total":6,"covered":4,"skipped":0,"pct":66.66}}
,"/Users/danielabarca/Documents/Desarrollo/dav-smpc-libros-api/src/books/books.service.ts": {"lines":{"total":54,"covered":5,"skipped":0,"pct":9.25},"functions":{"total":10,"covered":0,"skipped":0,"pct":0},"statements":{"total":62,"covered":7,"skipped":0,"pct":11.29},"branches":{"total":22,"covered":0,"skipped":0,"pct":0}}
,"/Users/danielabarca/Documents/Desarrollo/dav-smpc-libros-api/src/common/logger.ts": {"lines":{"total":5,"covered":0,"skipped":0,"pct":0},"functions":{"total":1,"covered":0,"skipped":0,"pct":0},"statements":{"total":5,"covered":0,"skipped":0,"pct":0},"branches":{"total":2,"covered":0,"skipped":0,"pct":0}}
,"/Users/danielabarca/Documents/Desarrollo/dav-smpc-libros-api/src/common/filters/http-exception.filter.ts": {"lines":{"total":8,"covered":8,"skipped":0,"pct":100},"functions":{"total":1,"covered":1,"skipped":0,"pct":100},"statements":{"total":10,"covered":10,"skipped":0,"pct":100},"branches":{"total":4,"covered":4,"skipped":0,"pct":100}}
,"/Users/danielabarca/Documents/Desarrollo/dav-smpc-libros-api/src/common/interceptors/audit.interceptor.ts": {"lines":{"total":19,"covered":0,"skipped":0,"pct":0},"functions":{"total":3,"covered":0,"skipped":0,"pct":0},"statements":{"total":21,"covered":0,"skipped":0,"pct":0},"branches":{"total":13,"covered":0,"skipped":0,"pct":0}}
,"/Users/danielabarca/Documents/Desarrollo/dav-smpc-libros-api/src/common/interceptors/logging.interceptor.ts": {"lines":{"total":10,"covered":10,"skipped":0,"pct":100},"functions":{"total":3,"covered":3,"skipped":0,"pct":100},"statements":{"total":12,"covered":12,"skipped":0,"pct":100},"branches":{"total":2,"covered":2,"skipped":0,"pct":100}}
,"/Users/danielabarca/Documents/Desarrollo/dav-smpc-libros-api/src/common/utils/csv.util.ts": {"lines":{"total":10,"covered":10,"skipped":0,"pct":100},"functions":{"total":5,"covered":5,"skipped":0,"pct":100},"statements":{"total":13,"covered":13,"skipped":0,"pct":100},"branches":{"total":0,"covered":0,"skipped":0,"pct":100}}
,"/Users/danielabarca/Documents/Desarrollo/dav-smpc-libros-api/src/users/users.service.ts": {"lines":{"total":8,"covered":8,"skipped":0,"pct":100},"functions":{"total":3,"covered":3,"skipped":0,"pct":100},"statements":{"total":10,"covered":10,"skipped":0,"pct":100},"branches":{"total":0,"covered":0,"skipped":0,"pct":100}}
}
