{"total": {"lines":{"total":121,"covered":109,"skipped":0,"pct":90.08},"statements":{"total":151,"covered":133,"skipped":0,"pct":88.07},"functions":{"total":38,"covered":30,"skipped":0,"pct":78.94},"branches":{"total":34,"covered":16,"skipped":0,"pct":47.05},"branchesTrue":{"total":0,"covered":0,"skipped":0,"pct":100}}
,"/Users/danielabarca/Downloads/library-nest-backend/src/audit/audit.service.ts": {"lines":{"total":7,"covered":7,"skipped":0,"pct":100},"functions":{"total":2,"covered":2,"skipped":0,"pct":100},"statements":{"total":9,"covered":9,"skipped":0,"pct":100},"branches":{"total":0,"covered":0,"skipped":0,"pct":100}}
,"/Users/danielabarca/Downloads/library-nest-backend/src/auth/auth.controller.ts": {"lines":{"total":9,"covered":9,"skipped":0,"pct":100},"functions":{"total":2,"covered":2,"skipped":0,"pct":100},"statements":{"total":11,"covered":11,"skipped":0,"pct":100},"branches":{"total":0,"covered":0,"skipped":0,"pct":100}}
,"/Users/danielabarca/Downloads/library-nest-backend/src/auth/auth.service.ts": {"lines":{"total":11,"covered":11,"skipped":0,"pct":100},"functions":{"total":3,"covered":3,"skipped":0,"pct":100},"statements":{"total":14,"covered":14,"skipped":0,"pct":100},"branches":{"total":3,"covered":3,"skipped":0,"pct":100}}
,"/Users/danielabarca/Downloads/library-nest-backend/src/books/books.controller.ts": {"lines":{"total":22,"covered":17,"skipped":0,"pct":77.27},"functions":{"total":9,"covered":3,"skipped":0,"pct":33.33},"statements":{"total":30,"covered":20,"skipped":0,"pct":66.66},"branches":{"total":4,"covered":0,"skipped":0,"pct":0}}
,"/Users/danielabarca/Downloads/library-nest-backend/src/books/books.service.ts": {"lines":{"total":23,"covered":16,"skipped":0,"pct":69.56},"functions":{"total":7,"covered":5,"skipped":0,"pct":71.42},"statements":{"total":27,"covered":19,"skipped":0,"pct":70.37},"branches":{"total":7,"covered":1,"skipped":0,"pct":14.28}}
,"/Users/danielabarca/Downloads/library-nest-backend/src/common/filters/http-exception.filter.ts": {"lines":{"total":8,"covered":8,"skipped":0,"pct":100},"functions":{"total":1,"covered":1,"skipped":0,"pct":100},"statements":{"total":10,"covered":10,"skipped":0,"pct":100},"branches":{"total":4,"covered":4,"skipped":0,"pct":100}}
,"/Users/danielabarca/Downloads/library-nest-backend/src/common/interceptors/audit.interceptor.ts": {"lines":{"total":13,"covered":13,"skipped":0,"pct":100},"functions":{"total":3,"covered":3,"skipped":0,"pct":100},"statements":{"total":15,"covered":15,"skipped":0,"pct":100},"branches":{"total":14,"covered":6,"skipped":0,"pct":42.85}}
,"/Users/danielabarca/Downloads/library-nest-backend/src/common/interceptors/logging.interceptor.ts": {"lines":{"total":10,"covered":10,"skipped":0,"pct":100},"functions":{"total":3,"covered":3,"skipped":0,"pct":100},"statements":{"total":12,"covered":12,"skipped":0,"pct":100},"branches":{"total":2,"covered":2,"skipped":0,"pct":100}}
,"/Users/danielabarca/Downloads/library-nest-backend/src/common/utils/csv.util.ts": {"lines":{"total":10,"covered":10,"skipped":0,"pct":100},"functions":{"total":5,"covered":5,"skipped":0,"pct":100},"statements":{"total":13,"covered":13,"skipped":0,"pct":100},"branches":{"total":0,"covered":0,"skipped":0,"pct":100}}
,"/Users/danielabarca/Downloads/library-nest-backend/src/users/users.service.ts": {"lines":{"total":8,"covered":8,"skipped":0,"pct":100},"functions":{"total":3,"covered":3,"skipped":0,"pct":100},"statements":{"total":10,"covered":10,"skipped":0,"pct":100},"branches":{"total":0,"covered":0,"skipped":0,"pct":100}}
}
