TN:
SF:src/audit/audit.service.ts
FN:10,(anonymous_4)
FN:12,(anonymous_5)
FNF:2
FNH:0
FNDA:0,(anonymous_4)
FNDA:0,(anonymous_5)
DA:1,0
DA:2,0
DA:3,0
DA:4,0
DA:5,0
DA:9,0
DA:10,0
DA:13,0
DA:14,0
DA:15,0
DA:16,0
DA:30,0
DA:32,0
LF:13
LH:0
BRDA:19,0,0,0
BRDA:19,0,1,0
BRDA:19,1,0,0
BRDA:19,1,1,0
BRF:4
BRH:0
end_of_record
TN:
SF:src/auth/auth.controller.ts
FN:9,(anonymous_4)
FN:12,(anonymous_5)
FNF:2
FNH:2
FNDA:1,(anonymous_4)
FNDA:1,(anonymous_5)
DA:1,1
DA:2,1
DA:3,1
DA:4,1
DA:8,1
DA:9,1
DA:12,1
DA:13,1
DA:14,1
LF:9
LH:9
BRF:0
BRH:0
end_of_record
TN:
SF:src/auth/auth.service.ts
FN:8,(anonymous_2)
FN:10,(anonymous_3)
FN:18,(anonymous_4)
FNF:3
FNH:3
FNDA:3,(anonymous_2)
FNDA:2,(anonymous_3)
FNDA:1,(anonymous_4)
DA:1,2
DA:2,2
DA:3,2
DA:4,2
DA:7,2
DA:8,3
DA:11,2
DA:12,2
DA:13,1
DA:15,1
DA:19,1
LF:11
LH:11
BRDA:12,0,0,1
BRDA:12,1,0,2
BRDA:12,1,1,1
BRF:3
BRH:3
end_of_record
TN:
SF:src/books/books.controller.ts
FN:15,(anonymous_4)
FN:17,(anonymous_5)
FN:20,(anonymous_6)
FN:33,(anonymous_7)
FN:35,(anonymous_8)
FN:37,(anonymous_9)
FN:39,(anonymous_10)
FN:42,(anonymous_11)
FN:44,(anonymous_12)
FNF:9
FNH:9
FNDA:9,(anonymous_4)
FNDA:1,(anonymous_5)
FNDA:2,(anonymous_6)
FNDA:1,(anonymous_7)
FNDA:1,(anonymous_8)
FNDA:1,(anonymous_9)
FNDA:1,(anonymous_10)
FNDA:1,(anonymous_11)
FNDA:1,(anonymous_12)
DA:1,1
DA:3,1
DA:4,1
DA:5,1
DA:6,1
DA:7,1
DA:8,1
DA:14,1
DA:15,9
DA:17,1
DA:20,1
DA:21,2
DA:33,1
DA:35,1
DA:37,1
DA:39,1
DA:42,1
DA:43,1
DA:44,1
DA:49,1
DA:50,1
DA:51,1
LF:22
LH:22
BRDA:28,0,0,2
BRDA:28,0,1,0
BRDA:29,1,0,2
BRDA:29,1,1,0
BRDA:46,2,0,1
BRDA:46,2,1,1
BRF:6
BRH:4
end_of_record
TN:
SF:src/books/books.service.ts
FN:10,(anonymous_4)
FN:14,(anonymous_5)
FN:15,(anonymous_6)
FN:22,(anonymous_7)
FN:91,(anonymous_8)
FN:98,(anonymous_9)
FN:104,(anonymous_10)
FN:105,(anonymous_11)
FN:113,(anonymous_12)
FN:119,(anonymous_13)
FNF:10
FNH:0
FNDA:0,(anonymous_4)
FNDA:0,(anonymous_5)
FNDA:0,(anonymous_6)
FNDA:0,(anonymous_7)
FNDA:0,(anonymous_8)
FNDA:0,(anonymous_9)
FNDA:0,(anonymous_10)
FNDA:0,(anonymous_11)
FNDA:0,(anonymous_12)
FNDA:0,(anonymous_13)
DA:1,2
DA:2,2
DA:3,2
DA:4,2
DA:9,2
DA:10,0
DA:11,0
DA:15,0
DA:16,0
DA:17,0
DA:18,0
DA:33,0
DA:34,0
DA:36,0
DA:38,0
DA:39,0
DA:44,0
DA:45,0
DA:46,0
DA:48,0
DA:49,0
DA:50,0
DA:52,0
DA:53,0
DA:54,0
DA:56,0
DA:57,0
DA:58,0
DA:59,0
DA:62,0
DA:70,0
DA:73,0
DA:74,0
DA:75,0
DA:76,0
DA:77,0
DA:80,0
DA:88,0
DA:92,0
DA:94,0
DA:95,0
DA:99,0
DA:100,0
DA:101,0
DA:105,0
DA:106,0
DA:107,0
DA:108,0
DA:109,0
DA:114,0
DA:115,0
DA:116,0
DA:120,0
DA:121,0
LF:54
LH:5
BRDA:33,0,0,0
BRDA:33,0,1,0
BRDA:34,1,0,0
BRDA:34,1,1,0
BRDA:38,2,0,0
BRDA:44,3,0,0
BRDA:48,4,0,0
BRDA:52,5,0,0
BRDA:52,6,0,0
BRDA:52,6,1,0
BRDA:56,7,0,0
BRDA:73,8,0,0
BRDA:74,9,0,0
BRDA:75,10,0,0
BRDA:76,11,0,0
BRDA:81,12,0,0
BRDA:81,12,1,0
BRDA:92,13,0,0
BRDA:95,14,0,0
BRDA:95,14,1,0
BRDA:100,15,0,0
BRDA:107,16,0,0
BRF:22
BRH:0
end_of_record
TN:
SF:src/common/logger.ts
FN:12,(anonymous_0)
FNF:1
FNH:0
FNDA:0,(anonymous_0)
DA:1,0
DA:2,0
DA:3,0
DA:5,0
DA:13,0
LF:5
LH:0
BRDA:13,0,0,0
BRDA:13,0,1,0
BRF:2
BRH:0
end_of_record
TN:
SF:src/common/filters/http-exception.filter.ts
FN:5,(anonymous_1)
FNF:1
FNH:1
FNDA:2,(anonymous_1)
DA:1,1
DA:4,1
DA:6,2
DA:7,2
DA:8,2
DA:9,2
DA:10,2
DA:12,2
LF:8
LH:8
BRDA:9,0,0,1
BRDA:9,0,1,1
BRDA:10,1,0,1
BRDA:10,1,1,1
BRF:4
BRH:4
end_of_record
TN:
SF:src/common/interceptors/audit.interceptor.ts
FN:9,(anonymous_2)
FN:11,(anonymous_3)
FN:19,(anonymous_4)
FNF:3
FNH:0
FNDA:0,(anonymous_2)
FNDA:0,(anonymous_3)
FNDA:0,(anonymous_4)
DA:1,0
DA:2,0
DA:3,0
DA:4,0
DA:5,0
DA:8,0
DA:9,0
DA:12,0
DA:13,0
DA:14,0
DA:15,0
DA:16,0
DA:18,0
DA:20,0
DA:21,0
DA:23,0
DA:31,0
DA:33,0
DA:43,0
LF:19
LH:0
BRDA:13,0,0,0
BRDA:13,0,1,0
BRDA:14,1,0,0
BRDA:14,1,1,0
BRDA:15,2,0,0
BRDA:15,2,1,0
BRDA:26,3,0,0
BRDA:26,3,1,0
BRDA:26,3,2,0
BRDA:27,4,0,0
BRDA:27,4,1,0
BRDA:35,5,0,0
BRDA:35,5,1,0
BRF:13
BRH:0
end_of_record
TN:
SF:src/common/interceptors/logging.interceptor.ts
FN:6,(anonymous_1)
FN:8,(anonymous_2)
FN:13,(anonymous_3)
FNF:3
FNH:3
FNDA:1,(anonymous_1)
FNDA:1,(anonymous_2)
FNDA:1,(anonymous_3)
DA:1,1
DA:3,1
DA:6,1
DA:7,1
DA:9,1
DA:10,1
DA:11,1
DA:12,1
DA:14,1
DA:15,1
LF:10
LH:10
BRDA:15,0,0,1
BRDA:15,0,1,1
BRF:2
BRH:2
end_of_record
TN:
SF:src/common/utils/csv.util.ts
FN:3,toCSV
FN:4,(anonymous_1)
FN:9,(anonymous_2)
FN:10,(anonymous_3)
FN:12,(anonymous_4)
FNF:5
FNH:5
FNDA:2,toCSV
FNDA:2,(anonymous_1)
FNDA:5,(anonymous_2)
FNDA:2,(anonymous_3)
FNDA:3,(anonymous_4)
DA:1,2
DA:3,2
DA:4,2
DA:5,2
DA:6,2
DA:8,2
DA:9,5
DA:10,2
DA:12,3
DA:13,2
LF:10
LH:10
BRF:0
BRH:0
end_of_record
TN:
SF:src/users/users.service.ts
FN:8,(anonymous_4)
FN:9,(anonymous_5)
FN:10,(anonymous_6)
FNF:3
FNH:3
FNDA:2,(anonymous_4)
FNDA:1,(anonymous_5)
FNDA:1,(anonymous_6)
DA:1,3
DA:2,3
DA:3,3
DA:4,3
DA:7,3
DA:8,2
DA:9,1
DA:10,1
LF:8
LH:8
BRF:0
BRH:0
end_of_record
