TN:
SF:src/audit/audit.service.ts
FN:10,(anonymous_4)
FN:12,(anonymous_5)
FNF:2
FNH:2
FNDA:2,(anonymous_4)
FNDA:2,(anonymous_5)
DA:1,2
DA:2,2
DA:3,2
DA:4,2
DA:5,2
DA:9,2
DA:10,2
DA:13,2
DA:14,2
DA:15,1
DA:16,1
DA:30,1
DA:32,1
LF:13
LH:13
BRDA:19,0,0,1
BRDA:19,0,1,0
BRDA:19,1,0,1
BRDA:19,1,1,0
BRF:4
BRH:2
end_of_record
TN:
SF:src/auth/auth.controller.ts
FN:9,(anonymous_4)
FN:12,(anonymous_5)
FNF:2
FNH:2
FNDA:1,(anonymous_4)
FNDA:1,(anonymous_5)
DA:1,1
DA:2,1
DA:3,1
DA:4,1
DA:8,1
DA:9,1
DA:12,1
DA:13,1
DA:14,1
LF:9
LH:9
BRF:0
BRH:0
end_of_record
TN:
SF:src/auth/auth.service.ts
FN:8,(anonymous_2)
FN:10,(anonymous_3)
FN:18,(anonymous_4)
FNF:3
FNH:3
FNDA:3,(anonymous_2)
FNDA:2,(anonymous_3)
FNDA:1,(anonymous_4)
DA:1,2
DA:2,2
DA:3,2
DA:4,2
DA:7,2
DA:8,3
DA:11,2
DA:12,2
DA:13,1
DA:15,1
DA:19,1
LF:11
LH:11
BRDA:12,0,0,1
BRDA:12,1,0,2
BRDA:12,1,1,1
BRF:3
BRH:3
end_of_record
TN:
SF:src/books/books.controller.ts
FN:15,(anonymous_4)
FN:17,(anonymous_5)
FN:20,(anonymous_6)
FN:33,(anonymous_7)
FN:35,(anonymous_8)
FN:37,(anonymous_9)
FN:39,(anonymous_10)
FN:42,(anonymous_11)
FN:44,(anonymous_12)
FNF:9
FNH:9
FNDA:9,(anonymous_4)
FNDA:1,(anonymous_5)
FNDA:2,(anonymous_6)
FNDA:1,(anonymous_7)
FNDA:1,(anonymous_8)
FNDA:1,(anonymous_9)
FNDA:1,(anonymous_10)
FNDA:2,(anonymous_11)
FNDA:1,(anonymous_12)
DA:1,1
DA:3,1
DA:4,1
DA:5,1
DA:6,1
DA:7,1
DA:8,1
DA:14,1
DA:15,9
DA:17,1
DA:20,1
DA:21,2
DA:33,1
DA:35,1
DA:37,1
DA:39,1
DA:42,1
DA:43,2
DA:44,2
DA:49,2
DA:50,2
DA:51,2
LF:22
LH:22
BRDA:28,0,0,1
BRDA:28,0,1,1
BRDA:29,1,0,1
BRDA:29,1,1,1
BRDA:46,2,0,1
BRDA:46,2,1,1
BRF:6
BRH:6
end_of_record
TN:
SF:src/books/books.service.ts
FN:10,(anonymous_4)
FN:14,(anonymous_5)
FN:15,(anonymous_6)
FN:22,(anonymous_7)
FN:91,(anonymous_8)
FN:98,(anonymous_9)
FN:104,(anonymous_10)
FN:105,(anonymous_11)
FN:113,(anonymous_12)
FN:119,(anonymous_13)
FNF:10
FNH:10
FNDA:38,(anonymous_4)
FNDA:2,(anonymous_5)
FNDA:2,(anonymous_6)
FNDA:20,(anonymous_7)
FNDA:20,(anonymous_8)
FNDA:10,(anonymous_9)
FNDA:4,(anonymous_10)
FNDA:4,(anonymous_11)
FNDA:4,(anonymous_12)
FNDA:2,(anonymous_13)
DA:1,3
DA:2,3
DA:3,3
DA:4,3
DA:9,3
DA:10,38
DA:11,38
DA:15,2
DA:16,2
DA:17,2
DA:18,2
DA:33,20
DA:34,20
DA:36,20
DA:38,20
DA:39,4
DA:44,4
DA:45,2
DA:46,2
DA:48,4
DA:49,2
DA:50,2
DA:52,4
DA:53,2
DA:54,2
DA:56,4
DA:57,2
DA:58,2
DA:59,2
DA:62,4
DA:70,4
DA:73,16
DA:74,16
DA:75,16
DA:76,16
DA:77,2
DA:80,16
DA:88,16
DA:92,20
DA:94,2
DA:95,2
DA:99,10
DA:100,10
DA:101,6
DA:105,4
DA:106,4
DA:107,4
DA:108,2
DA:109,2
DA:114,4
DA:115,2
DA:116,2
DA:120,2
DA:121,2
LF:54
LH:54
BRDA:33,0,0,20
BRDA:33,0,1,18
BRDA:34,1,0,20
BRDA:34,1,1,18
BRDA:38,2,0,4
BRDA:44,3,0,2
BRDA:48,4,0,2
BRDA:52,5,0,2
BRDA:52,6,0,4
BRDA:52,6,1,2
BRDA:56,7,0,2
BRDA:73,8,0,2
BRDA:74,9,0,2
BRDA:75,10,0,2
BRDA:76,11,0,2
BRDA:81,12,0,8
BRDA:81,12,1,8
BRDA:92,13,0,18
BRDA:95,14,0,2
BRDA:95,14,1,0
BRDA:100,15,0,4
BRDA:107,16,0,2
BRF:22
BRH:21
end_of_record
TN:
SF:src/common/filters/http-exception.filter.ts
FN:5,(anonymous_1)
FNF:1
FNH:1
FNDA:2,(anonymous_1)
DA:1,1
DA:4,1
DA:6,2
DA:7,2
DA:8,2
DA:9,2
DA:10,2
DA:12,2
LF:8
LH:8
BRDA:9,0,0,1
BRDA:9,0,1,1
BRDA:10,1,0,1
BRDA:10,1,1,1
BRF:4
BRH:4
end_of_record
TN:
SF:src/common/interceptors/audit.interceptor.ts
FN:9,(anonymous_2)
FN:11,(anonymous_3)
FN:19,(anonymous_4)
FNF:3
FNH:3
FNDA:9,(anonymous_2)
FNDA:9,(anonymous_3)
FNDA:9,(anonymous_4)
DA:1,1
DA:2,1
DA:3,1
DA:4,1
DA:5,1
DA:8,1
DA:9,9
DA:12,9
DA:13,9
DA:14,9
DA:15,9
DA:16,9
DA:18,9
DA:20,9
DA:21,9
DA:23,9
DA:31,9
DA:33,9
DA:43,9
LF:19
LH:19
BRDA:13,0,0,9
BRDA:13,0,1,0
BRDA:14,1,0,9
BRDA:14,1,1,1
BRDA:15,2,0,7
BRDA:15,2,1,2
BRDA:26,3,0,9
BRDA:26,3,1,3
BRDA:26,3,2,3
BRDA:27,4,0,8
BRDA:27,4,1,1
BRDA:35,5,0,9
BRDA:35,5,1,1
BRF:13
BRH:12
end_of_record
TN:
SF:src/common/interceptors/logging.interceptor.ts
FN:6,(anonymous_1)
FN:8,(anonymous_2)
FN:13,(anonymous_3)
FNF:3
FNH:3
FNDA:1,(anonymous_1)
FNDA:1,(anonymous_2)
FNDA:1,(anonymous_3)
DA:1,1
DA:3,1
DA:6,1
DA:7,1
DA:9,1
DA:10,1
DA:11,1
DA:12,1
DA:14,1
DA:15,1
LF:10
LH:10
BRDA:15,0,0,1
BRDA:15,0,1,1
BRF:2
BRH:2
end_of_record
TN:
SF:src/common/utils/csv.util.ts
FN:3,toCSV
FN:4,(anonymous_1)
FN:9,(anonymous_2)
FN:10,(anonymous_3)
FN:12,(anonymous_4)
FNF:5
FNH:5
FNDA:3,toCSV
FNDA:3,(anonymous_1)
FNDA:5,(anonymous_2)
FNDA:3,(anonymous_3)
FNDA:3,(anonymous_4)
DA:1,2
DA:3,2
DA:4,3
DA:5,3
DA:6,3
DA:8,3
DA:9,5
DA:10,3
DA:12,3
DA:13,3
LF:10
LH:10
BRF:0
BRH:0
end_of_record
TN:
SF:src/users/users.service.ts
FN:8,(anonymous_4)
FN:9,(anonymous_5)
FN:10,(anonymous_6)
FNF:3
FNH:3
FNDA:2,(anonymous_4)
FNDA:1,(anonymous_5)
FNDA:1,(anonymous_6)
DA:1,3
DA:2,3
DA:3,3
DA:4,3
DA:7,3
DA:8,2
DA:9,1
DA:10,1
LF:8
LH:8
BRF:0
BRH:0
end_of_record
